<?xml version="1.0" encoding="UTF-8"?>
<!-- Generated by org.testng.reporters.JUnitReportReporter -->
<testsuite hostname="PU-VGUPTA" name="TestClass1" tests="3" failures="0" timestamp="27 Jun 2020 06:16:45 GMT" time="17.740" errors="0">
  <testcase name="test3" time="6.728" classname="TestClass1"/>
  <testcase name="test2" time="5.673" classname="TestClass1"/>
  <testcase name="test1" time="5.339" classname="TestClass1"/>
</testsuite> <!-- TestClass1 -->
